<?xml version="1.0" encoding="UTF-8"?>
<!-- Generated by org.testng.reporters.JUnitReportReporter -->
<testsuite hostname="DESKTOP-QFEAF0U" failures="0" tests="11" name="io.stage.hudinielevate.cms.tests.TvChannelsPageTest" time="438.463" errors="0" timestamp="2024-03-27T17:04:16 IST" skipped="0">
  <testcase classname="io.stage.hudinielevate.cms.tests.TvChannelsPageTest" name="VerifyNewBouquetCreationTest" time="40.004"/>
  <system-out/>
  <testcase classname="io.stage.hudinielevate.cms.tests.TvChannelsPageTest" name="VerifyNewBouquetEditTest" time="45.140"/>
  <system-out/>
  <testcase classname="io.stage.hudinielevate.cms.tests.TvChannelsPageTest" name="VerifyNewCategoryCreationTest" time="37.025"/>
  <system-out/>
  <testcase classname="io.stage.hudinielevate.cms.tests.TvChannelsPageTest" name="VerifyNewCategoryEditedTest" time="39.730"/>
  <system-out/>
  <testcase classname="io.stage.hudinielevate.cms.tests.TvChannelsPageTest" name="VerifyNewChannelCreationTest" time="39.049"/>
  <system-out/>
  <testcase classname="io.stage.hudinielevate.cms.tests.TvChannelsPageTest" name="VerifyNewChannelEditTest" time="41.811"/>
  <system-out/>
  <testcase classname="io.stage.hudinielevate.cms.tests.TvChannelsPageTest" name="VerifyNewChannelDeactivateTest" time="37.882"/>
  <system-out/>
  <testcase classname="io.stage.hudinielevate.cms.tests.TvChannelsPageTest" name="VerifyNewChannelDeleteTest" time="38.466"/>
  <system-out/>
  <testcase classname="io.stage.hudinielevate.cms.tests.TvChannelsPageTest" name="VerifyNewCategoryDeactivateTest" time="38.923"/>
  <system-out/>
  <testcase classname="io.stage.hudinielevate.cms.tests.TvChannelsPageTest" name="VerifyNewCategoryDeletedTest" time="38.309"/>
  <system-out/>
  <testcase classname="io.stage.hudinielevate.cms.tests.TvChannelsPageTest" name="VerifyNewBouquetDeleteTest" time="42.124"/>
  <system-out/>
</testsuite> <!-- io.stage.hudinielevate.cms.tests.TvChannelsPageTest -->
