<?xml version="1.0" encoding="UTF-8"?>
<!-- Generated by org.testng.reporters.JUnitReportReporter -->
<testsuite hostname="DESKTOP-QFEAF0U" failures="0" tests="11" name="io.stage.hudinielevate.cms.tests.TvChannelsPageTest" time="327.804" errors="0" timestamp="2024-05-02T16:51:51 IST" skipped="0">
  <testcase classname="io.stage.hudinielevate.cms.tests.TvChannelsPageTest" name="VerifyNewBouquetCreationTest" time="29.379"/>
  <system-out/>
  <testcase classname="io.stage.hudinielevate.cms.tests.TvChannelsPageTest" name="VerifyNewBouquetEditTest" time="35.730"/>
  <system-out/>
  <testcase classname="io.stage.hudinielevate.cms.tests.TvChannelsPageTest" name="VerifyNewCategoryCreationTest" time="26.842"/>
  <system-out/>
  <testcase classname="io.stage.hudinielevate.cms.tests.TvChannelsPageTest" name="VerifyNewCategoryEditedTest" time="29.035"/>
  <system-out/>
  <testcase classname="io.stage.hudinielevate.cms.tests.TvChannelsPageTest" name="VerifyNewChannelCreationTest" time="28.383"/>
  <system-out/>
  <testcase classname="io.stage.hudinielevate.cms.tests.TvChannelsPageTest" name="VerifyNewChannelEditTest" time="30.961"/>
  <system-out/>
  <testcase classname="io.stage.hudinielevate.cms.tests.TvChannelsPageTest" name="VerifyNewChannelDeactivateTest" time="28.397"/>
  <system-out/>
  <testcase classname="io.stage.hudinielevate.cms.tests.TvChannelsPageTest" name="VerifyNewChannelDeleteTest" time="28.944"/>
  <system-out/>
  <testcase classname="io.stage.hudinielevate.cms.tests.TvChannelsPageTest" name="VerifyNewCategoryDeactivateTest" time="28.722"/>
  <system-out/>
  <testcase classname="io.stage.hudinielevate.cms.tests.TvChannelsPageTest" name="VerifyNewCategoryDeletedTest" time="28.632"/>
  <system-out/>
  <testcase classname="io.stage.hudinielevate.cms.tests.TvChannelsPageTest" name="VerifyNewBouquetDeleteTest" time="32.779"/>
  <system-out/>
</testsuite> <!-- io.stage.hudinielevate.cms.tests.TvChannelsPageTest -->
