<?xml version="1.0" encoding="UTF-8"?>
<!-- Generated by org.testng.reporters.JUnitReportReporter -->
<testsuite hostname="DESKTOP-QFEAF0U" failures="0" tests="2" name="io.stage.hudinielevate.cms.tests.DesignConfigsTest" time="35.624" errors="0" timestamp="2024-04-24T16:21:36 IST" skipped="1">
  <testcase classname="io.stage.hudinielevate.cms.tests.DesignConfigsTest" name="verifyAddComponentsTest" time="35.624"/>
  <system-out/>
  <testcase classname="io.stage.hudinielevate.cms.tests.DesignConfigsTest" name="verifyDesignConfigPageCreationTest">
    <skipped/>
  </testcase> <!-- verifyDesignConfigPageCreationTest -->
  <system-out/>
</testsuite> <!-- io.stage.hudinielevate.cms.tests.DesignConfigsTest -->
